[debug] [2022-03-13T08:49:46.830Z] ----------------------------------------------------------------------
[debug] [2022-03-13T08:49:46.831Z] Command:       /usr/local/bin/node /usr/local/bin/firebase init
[debug] [2022-03-13T08:49:46.831Z] CLI Version:   10.2.1
[debug] [2022-03-13T08:49:46.831Z] Platform:      darwin
[debug] [2022-03-13T08:49:46.831Z] Node Version:  v14.18.1
[debug] [2022-03-13T08:49:46.836Z] Time:          Sun Mar 13 2022 09:49:46 GMT+0100 (West Africa Standard Time)
[debug] [2022-03-13T08:49:46.836Z] ----------------------------------------------------------------------
[debug] 
[debug] [2022-03-13T08:49:46.886Z] > command requires scopes: ["email","openid","https://www.googleapis.com/auth/cloudplatformprojects.readonly","https://www.googleapis.com/auth/firebase","https://www.googleapis.com/auth/cloud-platform"]
[debug] [2022-03-13T08:49:46.886Z] > authorizing via signed-in user (tagdev27@gmail.com)
[info] 
     ######## #### ########  ######## ########     ###     ######  ########
     ##        ##  ##     ## ##       ##     ##  ##   ##  ##       ##
     ######    ##  ########  ######   ########  #########  ######  ######
     ##        ##  ##    ##  ##       ##     ## ##     ##       ## ##
     ##       #### ##     ## ######## ########  ##     ##  ######  ########

You're about to initialize a Firebase project in this directory:

  /Users/gisanrinadetayo/Documents/web/crypto-peer-to-peer

Before we get started, keep in mind:

  * You are initializing within an existing Firebase project directory

[info] 
=== Project Setup
[info] 
[info] First, let's associate this project directory with a Firebase project.
[info] You can create multiple project aliases by running firebase use --add, 
[info] but for now we'll just set up a default project.
[info] 
[debug] [2022-03-13T08:49:58.619Z] Using project from CLI flag: cryptopeer2peer
[debug] [2022-03-13T08:49:58.625Z] >>> [apiv2][query] GET https://firebase.googleapis.com/v1beta1/projects/cryptopeer2peer [none]
[debug] [2022-03-13T08:49:59.560Z] <<< [apiv2][status] GET https://firebase.googleapis.com/v1beta1/projects/cryptopeer2peer 200
[debug] [2022-03-13T08:49:59.561Z] <<< [apiv2][body] GET https://firebase.googleapis.com/v1beta1/projects/cryptopeer2peer {"projectId":"cryptopeer2peer","projectNumber":"1046262048899","displayName":"cryptopeer2peer","name":"projects/cryptopeer2peer","resources":{"hostingSite":"cryptopeer2peer","realtimeDatabaseInstance":"cryptopeer2peer-default-rtdb","storageBucket":"cryptopeer2peer.appspot.com","locationId":"europe-west"},"state":"ACTIVE"}
[info] i  Using project cryptopeer2peer (cryptopeer2peer) 
[info] 
=== Hosting Setup
[info] 
[info] Your public directory is the folder (relative to your project directory) that
[info] will contain Hosting assets to be uploaded with firebase deploy. If you
[info] have a build process for your assets, use your build's output directory.
[info] 
[debug] [2022-03-13T08:50:20.692Z] >>> [apiv2][query] GET https://www.gstatic.com/firebasejs/releases.json [none]
[debug] [2022-03-13T08:50:21.340Z] <<< [apiv2][status] GET https://www.gstatic.com/firebasejs/releases.json 200
[debug] [2022-03-13T08:50:21.341Z] <<< [apiv2][body] GET https://www.gstatic.com/firebasejs/releases.json {"current":{"version":"9.6.8","browserURL":"https://www.gstatic.com/firebasejs/9.6.8/firebase.js","packageURL":"https://www.gstatic.com/firebasejs/9.6.8/firebase.tgz"},"live":{"version":"9.6","browserURL":"https://www.gstatic.com/firebasejs/live/9.6/firebase.js","packageURL":"https://www.gstatic.com/firebasejs/live/9.6/firebase.tgz"},"components":{"analytics":"https://www.gstatic.com/firebasejs/9.6.8/firebase-analytics.js","app":"https://www.gstatic.com/firebasejs/9.6.8/firebase-app.js","app-check":"https://www.gstatic.com/firebasejs/9.6.8/firebase-app-check.js","auth":"https://www.gstatic.com/firebasejs/9.6.8/firebase-auth.js","auth/cordova":"https://www.gstatic.com/firebasejs/9.6.8/firebase-auth/cordova.js","auth/react-native":"https://www.gstatic.com/firebasejs/9.6.8/firebase-auth/react-native.js","functions":"https://www.gstatic.com/firebasejs/9.6.8/firebase-functions.js","firestore":"https://www.gstatic.com/firebasejs/9.6.8/firebase-firestore.js","firestore/lite":"https://www.gstatic.com/firebasejs/9.6.8/firebase-firestore/lite.js","storage":"https://www.gstatic.com/firebasejs/9.6.8/firebase-storage.js","performance":"https://www.gstatic.com/firebasejs/9.6.8/firebase-performance.js","remote-config":"https://www.gstatic.com/firebasejs/9.6.8/firebase-remote-config.js","messaging":"https://www.gstatic.com/firebasejs/9.6.8/firebase-messaging.js","messaging/sw":"https://www.gstatic.com/firebasejs/9.6.8/firebase-messaging/sw.js","database":"https://www.gstatic.com/firebasejs/9.6.8/firebase-database.js","firestore.memory":"https://www.gstatic.com/firebasejs/9.6.8/firebase-firestore.memory.js"}}
[info] ✔  Wrote public/index.html 
[info] 
[info] i  Detected a .git folder at /Users/gisanrinadetayo/Documents/web/crypto-peer-to-peer 
[info] i  Authorizing with GitHub to upload your service account to a GitHub repository's secrets store. 
[info] 
[info] Visit this URL on this device to log in:
[info] https://github.com/login/oauth/authorize?client_id=89cf50f02ac6aaed3484&state=667970761&redirect_uri=http%3A%2F%2Flocalhost%3A9005&scope=read%3Auser%20repo%20public_repo
[info] 
[info] Waiting for authentication...
[debug] [2022-03-13T08:50:41.990Z] >>> HTTP REQUEST POST https://github.com/login/oauth/access_token  
 {"client_id":"89cf50f02ac6aaed3484","client_secret":"3330d14abc895d9a74d5f17cd7a00711fa2c5bf0","code":"09405f3e43ad9bd4321b","redirect_uri":"http://localhost:9005","state":"667970761"}
[debug] [2022-03-13T08:50:42.861Z] <<< HTTP RESPONSE 200 {"server":"GitHub.com","date":"Sun, 13 Mar 2022 08:50:42 GMT","content-type":"application/json; charset=utf-8","transfer-encoding":"chunked","vary":"X-PJAX, X-PJAX-Container, Accept-Encoding, Accept, X-Requested-With","permissions-policy":"interest-cohort=()","etag":"W/\"15fe8fff524c5f38bb567e9d5c1ae757\"","cache-control":"max-age=0, private, must-revalidate","strict-transport-security":"max-age=31536000; includeSubdomains; preload","x-frame-options":"deny","x-content-type-options":"nosniff","x-xss-protection":"0","referrer-policy":"origin-when-cross-origin, strict-origin-when-cross-origin","expect-ct":"max-age=2592000, report-uri=\"https://api.github.com/_private/browser/errors\"","content-security-policy":"default-src 'none'; base-uri 'self'; block-all-mixed-content; child-src github.com/assets-cdn/worker/ gist.github.com/assets-cdn/worker/; connect-src 'self' uploads.github.com objects-origin.githubusercontent.com www.githubstatus.com collector.githubapp.com collector.github.com api.github.com github-cloud.s3.amazonaws.com github-production-repository-file-5c1aeb.s3.amazonaws.com github-production-upload-manifest-file-7fdce7.s3.amazonaws.com github-production-user-asset-6210df.s3.amazonaws.com cdn.optimizely.com logx.optimizely.com/v1/events translator.github.com wss://alive.github.com; font-src github.githubassets.com; form-action 'self' github.com gist.github.com objects-origin.githubusercontent.com; frame-ancestors 'none'; frame-src render.githubusercontent.com viewscreen.githubusercontent.com notebooks.githubusercontent.com; img-src 'self' data: github.githubassets.com identicons.github.com collector.githubapp.com collector.github.com github-cloud.s3.amazonaws.com secured-user-images.githubusercontent.com/ *.githubusercontent.com; manifest-src 'self'; media-src github.com user-images.githubusercontent.com/; script-src github.githubassets.com; style-src 'unsafe-inline' github.githubassets.com; worker-src github.com/assets-cdn/worker/ gist.github.com/assets-cdn/worker/","x-github-request-id":"D55C:13FB4:5043D49:54EDDFC:622DB062"}
[debug] [2022-03-13T08:50:42.906Z] >>> [apiv2][query] GET https://api.github.com/user [none]
[debug] [2022-03-13T08:50:43.680Z] <<< [apiv2][status] GET https://api.github.com/user 200
[debug] [2022-03-13T08:50:43.682Z] <<< [apiv2][body] GET https://api.github.com/user {"login":"tagdev27","id":51853262,"node_id":"MDQ6VXNlcjUxODUzMjYy","avatar_url":"https://avatars.githubusercontent.com/u/51853262?v=4","gravatar_id":"","url":"https://api.github.com/users/tagdev27","html_url":"https://github.com/tagdev27","followers_url":"https://api.github.com/users/tagdev27/followers","following_url":"https://api.github.com/users/tagdev27/following{/other_user}","gists_url":"https://api.github.com/users/tagdev27/gists{/gist_id}","starred_url":"https://api.github.com/users/tagdev27/starred{/owner}{/repo}","subscriptions_url":"https://api.github.com/users/tagdev27/subscriptions","organizations_url":"https://api.github.com/users/tagdev27/orgs","repos_url":"https://api.github.com/users/tagdev27/repos","events_url":"https://api.github.com/users/tagdev27/events{/privacy}","received_events_url":"https://api.github.com/users/tagdev27/received_events","type":"User","site_admin":false,"name":"TAGDEV TECHNOLOGIES LIMITED","company":"tagdev_tech","blog":"https://tagdev.tech","location":null,"email":null,"hireable":null,"bio":null,"twitter_username":"tagdev_tech","public_repos":2,"public_gists":0,"followers":3,"following":2,"created_at":"2019-06-15T11:33:27Z","updated_at":"2022-03-13T08:50:38Z","private_gists":0,"total_private_repos":41,"owned_private_repos":40,"disk_usage":973642,"collaborators":13,"two_factor_authentication":false,"plan":{"name":"free","space":976562499,"collaborators":0,"private_repos":10000}}
[info] 
[info] ✔  Success! Logged into GitHub as tagdev27 
[info] 
